Running IOR - 18434
IOR-3.2.0: MPI Coordinated Test of Parallel I/O
Began               : Fri Mar  8 17:15:40 2019
Command line        : /home/glock/src/git/ior/src/ior -t 4096 -b 4096 -s 8192 -v -B -a POSIX -w -k -o /mnt/nvme0n1/tmp18434 -z
Machine             : Linux ngfdv160.nersc.gov
Start time skew across all tasks: 0.00 sec
TestID              : 0
StartTime           : Fri Mar  8 17:15:40 2019
Path                : /mnt/nvme0n1
FS                  : 698.3 GiB   Used FS: 95.3%   Inodes: 130.2 Mi   Used Inodes: 0.0%
Participating tasks: 16

Options: 
api                 : POSIX
apiVersion          : 
test filename       : /mnt/nvme0n1/tmp18434
access              : single-shared-file
type                : independent
segments            : 8192
ordering in a file  : random
ordering inter file : no tasks offsets
tasks               : 16
clients per node    : 16
repetitions         : 1
xfersize            : 4096 bytes
blocksize           : 4096 bytes
aggregate filesize  : 512 MiB

Results: 

access    bw(MiB/s)  block(KiB) xfer(KiB)  open(s)    wr/rd(s)   close(s)   total(s)   iter
------    ---------  ---------- ---------  --------   --------   --------   --------   ----
Commencing write performance test: Fri Mar  8 17:15:40 2019
write     66.20      4.00       4.00       0.000096   7.73       0.137988   7.73       0   
Max Write: 66.20 MiB/sec (69.41 MB/sec)

Summary of all tests:
Operation   Max(MiB)   Min(MiB)  Mean(MiB)     StdDev   Max(OPs)   Min(OPs)  Mean(OPs)     StdDev    Mean(s) Test# #Tasks tPN reps fPP reord reordoff reordrand seed segcnt   blksiz    xsize aggs(MiB)   API RefNum
write          66.20      66.20      66.20       0.00   16946.71   16946.71   16946.71       0.00    7.73436     0     16  16    1   0     0        1         0    0   8192     4096     4096     512.0 POSIX      0
Finished            : Fri Mar  8 17:15:48 2019
